2017/02/02 12:59:46.131 Info   Starting JoyToKey Ver5.5.1
2017/02/02 12:59:46.131 Info   ExeFile=C:\Users\Stalgia\Documents\GitHub\ArcadeMenu\application.windows64\data\joyToKey\JoyToKey.exe
2017/02/02 12:59:46.131 Info   ConfigDir=C:\Users\Stalgia\Documents\GitHub\ArcadeMenu\application.windows64\data\joyToKey\
2017/02/02 12:59:46.131 Info   IniFile=C:\Users\Stalgia\Documents\GitHub\ArcadeMenu\application.windows64\data\joyToKey\JoyToKey.ini
2017/02/02 12:59:46.131 Info   Windows Version = 6.1
2017/02/02 12:59:46.131 Info   Loaded VistaAPI.dll (Utils\Utils.cpp#199)
2017/02/02 12:59:46.131 Info   LicenseKey "" is not valid
2017/02/02 12:59:46.254 Info   0 joysticks are detected (Joystick.cpp#110)
2017/02/02 12:59:46.254 Info   ConfigDir=C:\Users\Stalgia\Documents\GitHub\ArcadeMenu\application.windows64\data\joyToKey\*.cfg (ConfigFileManager.cpp#43)
2017/02/02 12:59:46.268 Info   Failed to find AppLink.dat (AppLink\AppLinkManager.cpp#32)
2017/02/02 12:59:46.276 Info   TimerInit: Initializing timer with x1 speed mode (interval = 16 msec)
2017/02/02 12:59:46.296 Info   Starting in a minimized mode (JoyToKey.cpp#34)
2/2/2017 1:01:02 PM Info   Received WM_COPYDATA Message: menuselect (Main.cpp#448)
2/2/2017 1:05:15 PM Info   Received WM_COPYDATA Message: menuselect (Main.cpp#448)
2/2/2017 1:10:34 PM Info   Received WM_COPYDATA Message: menuselect (Main.cpp#448)
2/2/2017 1:13:48 PM Info   Received WM_COPYDATA Message: menuselect (Main.cpp#448)
2/2/2017 1:14:00 PM Info   Received WM_COPYDATA Message: Spinning_Cube (Main.cpp#448)
2/2/2017 1:14:00 PM Error  Failed to load ConfigFile "Spinning_Cube" - cannot be found in the list (ConfigFileManager.cpp#157)
2/2/2017 1:14:15 PM Info   Received WM_COPYDATA Message: menuselect (Main.cpp#448)
2/2/2017 1:17:30 PM Info   Received WM_COPYDATA Message: menuselect (Main.cpp#448)
2/2/2017 1:17:34 PM Info   Received WM_COPYDATA Message: Spinning_Cube (Main.cpp#448)
2/2/2017 1:17:34 PM Error  Failed to load ConfigFile "Spinning_Cube" - cannot be found in the list (ConfigFileManager.cpp#157)
2/2/2017 1:17:38 PM Info   Received WM_COPYDATA Message: menuselect (Main.cpp#448)
